android/app/build/intermediates/manifest_merge_blame_file/debug/manifest-merger-blame-debug-report.txt
1<?xml version="1.0" encoding="utf-8"?>
2<manifest xmlns:android="http://schemas.android.com/apk/res/android"
3    package="co.za.unifiedsecuritysolutions.ussguard"
4    android:versionCode="4"
5    android:versionName="1.3.0" >
6
7    <uses-sdk
8        android:minSdkVersion="24"
9        android:targetSdkVersion="34" />
10
11    <!-- Internet & network -->
12    <uses-permission android:name="android.permission.INTERNET" />
12-->src/main/AndroidManifest.xml:5:5-67
12-->src/main/AndroidManifest.xml:5:22-64
13    <uses-permission android:name="android.permission.ACCESS_NETWORK_STATE" />
13-->src/main/AndroidManifest.xml:6:5-79
13-->src/main/AndroidManifest.xml:6:22-76
14    <uses-permission android:name="android.permission.ACCESS_WIFI_STATE" />
14-->src/main/AndroidManifest.xml:7:5-76
14-->src/main/AndroidManifest.xml:7:22-73
15
16    <!-- Camera & microphone for WebView -->
17    <uses-permission android:name="android.permission.CAMERA" />
17-->src/main/AndroidManifest.xml:10:5-65
17-->src/main/AndroidManifest.xml:10:22-62
18    <uses-permission android:name="android.permission.RECORD_AUDIO" />
18-->src/main/AndroidManifest.xml:11:5-71
18-->src/main/AndroidManifest.xml:11:22-68
19    <uses-permission android:name="android.permission.MODIFY_AUDIO_SETTINGS" />
19-->src/main/AndroidManifest.xml:12:5-80
19-->src/main/AndroidManifest.xml:12:22-77
20
21    <!-- Geolocation -->
22    <uses-permission android:name="android.permission.ACCESS_FINE_LOCATION" />
22-->src/main/AndroidManifest.xml:15:5-79
22-->src/main/AndroidManifest.xml:15:22-76
23    <uses-permission android:name="android.permission.ACCESS_COARSE_LOCATION" />
23-->src/main/AndroidManifest.xml:16:5-81
23-->src/main/AndroidManifest.xml:16:22-78
24
25    <!-- Notifications (Android 13+) -->
26    <uses-permission android:name="android.permission.POST_NOTIFICATIONS" />
26-->src/main/AndroidManifest.xml:19:5-77
26-->src/main/AndroidManifest.xml:19:22-74
27
28    <!-- Vibration & wake lock -->
29    <uses-permission android:name="android.permission.VIBRATE" />
29-->src/main/AndroidManifest.xml:22:5-66
29-->src/main/AndroidManifest.xml:22:22-63
30    <uses-permission android:name="android.permission.WAKE_LOCK" />
30-->src/main/AndroidManifest.xml:23:5-68
30-->src/main/AndroidManifest.xml:23:22-65
31    <uses-permission android:name="android.permission.FOREGROUND_SERVICE" />
31-->src/main/AndroidManifest.xml:24:5-77
31-->src/main/AndroidManifest.xml:24:22-74
32    <uses-permission android:name="android.permission.RECEIVE_BOOT_COMPLETED" />
32-->src/main/AndroidManifest.xml:25:5-81
32-->src/main/AndroidManifest.xml:25:22-78
33
34    <!-- Full-screen intent for incoming calls (Android 14+) -->
35    <uses-permission android:name="android.permission.USE_FULL_SCREEN_INTENT" />
35-->src/main/AndroidManifest.xml:28:5-81
35-->src/main/AndroidManifest.xml:28:22-78
36
37    <!-- Hardware features (optional) -->
38    <uses-feature
38-->src/main/AndroidManifest.xml:31:5-85
39        android:name="android.hardware.camera"
39-->src/main/AndroidManifest.xml:31:19-57
40        android:required="false" />
40-->src/main/AndroidManifest.xml:31:58-82
41    <uses-feature
41-->src/main/AndroidManifest.xml:32:5-95
42        android:name="android.hardware.camera.autofocus"
42-->src/main/AndroidManifest.xml:32:19-67
43        android:required="false" />
43-->src/main/AndroidManifest.xml:32:68-92
44    <uses-feature
44-->src/main/AndroidManifest.xml:33:5-89
45        android:name="android.hardware.microphone"
45-->src/main/AndroidManifest.xml:33:19-61
46        android:required="false" />
46-->src/main/AndroidManifest.xml:33:62-86
47    <uses-feature
47-->src/main/AndroidManifest.xml:34:5-91
48        android:name="android.hardware.location.gps"
48-->src/main/AndroidManifest.xml:34:19-63
49        android:required="false" />
49-->src/main/AndroidManifest.xml:34:64-88
50    <!-- Create a unique permission for your app and use it so only your app can receive your OneSignal messages. -->
51    <permission
51-->[com.onesignal:notifications:5.6.1] AndroidManifest.xml:8:5-10:47
52        android:name="co.za.unifiedsecuritysolutions.ussguard.permission.C2D_MESSAGE"
52-->[com.onesignal:notifications:5.6.1] AndroidManifest.xml:9:9-63
53        android:protectionLevel="signature" />
53-->[com.onesignal:notifications:5.6.1] AndroidManifest.xml:10:9-44
54
55    <uses-permission android:name="co.za.unifiedsecuritysolutions.ussguard.permission.C2D_MESSAGE" /> <!-- c2dm RECEIVE are basic requirements for push messages through Google's FCM -->
55-->[com.onesignal:notifications:5.6.1] AndroidManifest.xml:12:5-79
55-->[com.onesignal:notifications:5.6.1] AndroidManifest.xml:12:22-76
56    <uses-permission android:name="com.google.android.c2dm.permission.RECEIVE" /> <!-- START: ShortcutBadger -->
56-->[com.onesignal:notifications:5.6.1] AndroidManifest.xml:17:5-82
56-->[com.onesignal:notifications:5.6.1] AndroidManifest.xml:17:22-79
57    <!-- Samsung -->
58    <uses-permission android:name="com.sec.android.provider.badge.permission.READ" />
58-->[com.onesignal:notifications:5.6.1] AndroidManifest.xml:29:5-86
58-->[com.onesignal:notifications:5.6.1] AndroidManifest.xml:29:22-83
59    <uses-permission android:name="com.sec.android.provider.badge.permission.WRITE" /> <!-- HTC -->
59-->[com.onesignal:notifications:5.6.1] AndroidManifest.xml:30:5-87
59-->[com.onesignal:notifications:5.6.1] AndroidManifest.xml:30:22-84
60    <uses-permission android:name="com.htc.launcher.permission.READ_SETTINGS" />
60-->[com.onesignal:notifications:5.6.1] AndroidManifest.xml:31:5-81
60-->[com.onesignal:notifications:5.6.1] AndroidManifest.xml:31:22-78
61    <uses-permission android:name="com.htc.launcher.permission.UPDATE_SHORTCUT" /> <!-- Sony -->
61-->[com.onesignal:notifications:5.6.1] AndroidManifest.xml:32:5-83
61-->[com.onesignal:notifications:5.6.1] AndroidManifest.xml:32:22-80
62    <uses-permission android:name="com.sonyericsson.home.permission.BROADCAST_BADGE" />
62-->[com.onesignal:notifications:5.6.1] AndroidManifest.xml:33:5-88
62-->[com.onesignal:notifications:5.6.1] AndroidManifest.xml:33:22-85
63    <uses-permission android:name="com.sonymobile.home.permission.PROVIDER_INSERT_BADGE" /> <!-- Apex -->
63-->[com.onesignal:notifications:5.6.1] AndroidManifest.xml:34:5-92
63-->[com.onesignal:notifications:5.6.1] AndroidManifest.xml:34:22-89
64    <uses-permission android:name="com.anddoes.launcher.permission.UPDATE_COUNT" /> <!-- Solid -->
64-->[com.onesignal:notifications:5.6.1] AndroidManifest.xml:35:5-84
64-->[com.onesignal:notifications:5.6.1] AndroidManifest.xml:35:22-81
65    <uses-permission android:name="com.majeur.launcher.permission.UPDATE_BADGE" /> <!-- Huawei -->
65-->[com.onesignal:notifications:5.6.1] AndroidManifest.xml:36:5-83
65-->[com.onesignal:notifications:5.6.1] AndroidManifest.xml:36:22-80
66    <uses-permission android:name="com.huawei.android.launcher.permission.CHANGE_BADGE" />
66-->[com.onesignal:notifications:5.6.1] AndroidManifest.xml:37:5-91
66-->[com.onesignal:notifications:5.6.1] AndroidManifest.xml:37:22-88
67    <uses-permission android:name="com.huawei.android.launcher.permission.READ_SETTINGS" />
67-->[com.onesignal:notifications:5.6.1] AndroidManifest.xml:38:5-92
67-->[com.onesignal:notifications:5.6.1] AndroidManifest.xml:38:22-89
68    <uses-permission android:name="com.huawei.android.launcher.permission.WRITE_SETTINGS" /> <!-- ZUK -->
68-->[com.onesignal:notifications:5.6.1] AndroidManifest.xml:39:5-93
68-->[com.onesignal:notifications:5.6.1] AndroidManifest.xml:39:22-90
69    <uses-permission android:name="android.permission.READ_APP_BADGE" /> <!-- OPPO -->
69-->[com.onesignal:notifications:5.6.1] AndroidManifest.xml:40:5-73
69-->[com.onesignal:notifications:5.6.1] AndroidManifest.xml:40:22-70
70    <uses-permission android:name="com.oppo.launcher.permission.READ_SETTINGS" />
70-->[com.onesignal:notifications:5.6.1] AndroidManifest.xml:41:5-82
70-->[com.onesignal:notifications:5.6.1] AndroidManifest.xml:41:22-79
71    <uses-permission android:name="com.oppo.launcher.permission.WRITE_SETTINGS" /> <!-- EvMe -->
71-->[com.onesignal:notifications:5.6.1] AndroidManifest.xml:42:5-83
71-->[com.onesignal:notifications:5.6.1] AndroidManifest.xml:42:22-80
72    <uses-permission android:name="me.everything.badger.permission.BADGE_COUNT_READ" />
72-->[com.onesignal:notifications:5.6.1] AndroidManifest.xml:43:5-88
72-->[com.onesignal:notifications:5.6.1] AndroidManifest.xml:43:22-85
73    <uses-permission android:name="me.everything.badger.permission.BADGE_COUNT_WRITE" />
73-->[com.onesignal:notifications:5.6.1] AndroidManifest.xml:44:5-89
73-->[com.onesignal:notifications:5.6.1] AndroidManifest.xml:44:22-86
74
75    <permission
75-->[androidx.core:core:1.9.0] AndroidManifest.xml:22:5-24:47
76        android:name="co.za.unifiedsecuritysolutions.ussguard.DYNAMIC_RECEIVER_NOT_EXPORTED_PERMISSION"
76-->[androidx.core:core:1.9.0] AndroidManifest.xml:23:9-81
77        android:protectionLevel="signature" />
77-->[androidx.core:core:1.9.0] AndroidManifest.xml:24:9-44
78
79    <uses-permission android:name="co.za.unifiedsecuritysolutions.ussguard.DYNAMIC_RECEIVER_NOT_EXPORTED_PERMISSION" />
79-->[androidx.core:core:1.9.0] AndroidManifest.xml:26:5-97
79-->[androidx.core:core:1.9.0] AndroidManifest.xml:26:22-94
80
81    <application
81-->src/main/AndroidManifest.xml:36:5-69:19
82        android:name="co.za.unifiedsecuritysolutions.ussguard.USSGuardApplication"
82-->src/main/AndroidManifest.xml:37:9-44
83        android:allowBackup="true"
83-->src/main/AndroidManifest.xml:38:9-35
84        android:appComponentFactory="androidx.core.app.CoreComponentFactory"
84-->[androidx.core:core:1.9.0] AndroidManifest.xml:28:18-86
85        android:debuggable="true"
86        android:extractNativeLibs="false"
87        android:hardwareAccelerated="true"
87-->src/main/AndroidManifest.xml:43:9-43
88        android:icon="@mipmap/ic_launcher"
88-->src/main/AndroidManifest.xml:39:9-43
89        android:label="@string/app_name"
89-->src/main/AndroidManifest.xml:41:9-41
90        android:networkSecurityConfig="@xml/network_security_config"
90-->src/main/AndroidManifest.xml:44:9-69
91        android:roundIcon="@mipmap/ic_launcher_round"
91-->src/main/AndroidManifest.xml:40:9-54
92        android:supportsRtl="true"
92-->src/main/AndroidManifest.xml:45:9-35
93        android:theme="@style/Theme.USSGuard"
93-->src/main/AndroidManifest.xml:46:9-46
94        android:usesCleartextTraffic="false" >
94-->src/main/AndroidManifest.xml:42:9-45
95        <activity
95-->src/main/AndroidManifest.xml:48:9-59:20
96            android:name="co.za.unifiedsecuritysolutions.ussguard.MainActivity"
96-->src/main/AndroidManifest.xml:49:13-41
97            android:configChanges="orientation|screenSize|keyboard|keyboardHidden"
97-->src/main/AndroidManifest.xml:51:13-83
98            android:exported="true"
98-->src/main/AndroidManifest.xml:50:13-36
99            android:screenOrientation="portrait"
99-->src/main/AndroidManifest.xml:52:13-49
100            android:theme="@style/Theme.USSGuard"
100-->src/main/AndroidManifest.xml:54:13-50
101            android:windowSoftInputMode="adjustResize" >
101-->src/main/AndroidManifest.xml:53:13-55
102            <intent-filter>
102-->src/main/AndroidManifest.xml:55:13-58:29
103                <action android:name="android.intent.action.MAIN" />
103-->src/main/AndroidManifest.xml:56:17-69
103-->src/main/AndroidManifest.xml:56:25-66
104
105                <category android:name="android.intent.category.LAUNCHER" />
105-->src/main/AndroidManifest.xml:57:17-77
105-->src/main/AndroidManifest.xml:57:27-74
106            </intent-filter>
107        </activity>
108        <activity
108-->src/main/AndroidManifest.xml:61:9-68:53
109            android:name="co.za.unifiedsecuritysolutions.ussguard.IncomingCallActivity"
109-->src/main/AndroidManifest.xml:62:13-49
110            android:excludeFromRecents="true"
110-->src/main/AndroidManifest.xml:64:13-46
111            android:exported="false"
111-->src/main/AndroidManifest.xml:63:13-37
112            android:screenOrientation="portrait"
112-->src/main/AndroidManifest.xml:67:13-49
113            android:showWhenLocked="true"
113-->src/main/AndroidManifest.xml:65:13-42
114            android:theme="@style/Theme.USSGuard"
114-->src/main/AndroidManifest.xml:68:13-50
115            android:turnScreenOn="true" />
115-->src/main/AndroidManifest.xml:66:13-40
116
117        <receiver
117-->[com.onesignal:notifications:5.6.1] AndroidManifest.xml:47:9-58:20
118            android:name="com.onesignal.notifications.receivers.FCMBroadcastReceiver"
118-->[com.onesignal:notifications:5.6.1] AndroidManifest.xml:48:13-86
119            android:exported="true"
119-->[com.onesignal:notifications:5.6.1] AndroidManifest.xml:49:13-36
120            android:permission="com.google.android.c2dm.permission.SEND" >
120-->[com.onesignal:notifications:5.6.1] AndroidManifest.xml:50:13-73
121
122            <!-- High priority so OneSignal payloads can be filtered from other FCM receivers -->
123            <intent-filter android:priority="999" >
123-->[com.onesignal:notifications:5.6.1] AndroidManifest.xml:53:13-57:29
123-->[com.onesignal:notifications:5.6.1] AndroidManifest.xml:53:28-50
124                <action android:name="com.google.android.c2dm.intent.RECEIVE" />
124-->[com.onesignal:notifications:5.6.1] AndroidManifest.xml:54:17-81
124-->[com.onesignal:notifications:5.6.1] AndroidManifest.xml:54:25-78
125
126                <category android:name="co.za.unifiedsecuritysolutions.ussguard" />
126-->[com.onesignal:notifications:5.6.1] AndroidManifest.xml:56:17-61
126-->[com.onesignal:notifications:5.6.1] AndroidManifest.xml:56:27-58
127            </intent-filter>
128        </receiver>
129
130        <service
130-->[com.onesignal:notifications:5.6.1] AndroidManifest.xml:60:9-66:19
131            android:name="com.onesignal.notifications.services.HmsMessageServiceOneSignal"
131-->[com.onesignal:notifications:5.6.1] AndroidManifest.xml:61:13-91
132            android:exported="false" >
132-->[com.onesignal:notifications:5.6.1] AndroidManifest.xml:62:13-37
133            <intent-filter>
133-->[com.onesignal:notifications:5.6.1] AndroidManifest.xml:63:13-65:29
134                <action android:name="com.huawei.push.action.MESSAGING_EVENT" />
134-->[com.onesignal:notifications:5.6.1] AndroidManifest.xml:64:17-81
134-->[com.onesignal:notifications:5.6.1] AndroidManifest.xml:64:25-78
135            </intent-filter>
136        </service> <!-- CAUTION: OneSignal backend includes the activity name in the payload, modifying the name without sync may result in notification click not firing -->
137        <activity
137-->[com.onesignal:notifications:5.6.1] AndroidManifest.xml:67:9-75:20
138            android:name="com.onesignal.NotificationOpenedActivityHMS"
138-->[com.onesignal:notifications:5.6.1] AndroidManifest.xml:68:13-71
139            android:exported="true"
139-->[com.onesignal:notifications:5.6.1] AndroidManifest.xml:69:13-36
140            android:noHistory="true"
140-->[com.onesignal:notifications:5.6.1] AndroidManifest.xml:70:13-37
141            android:theme="@android:style/Theme.Translucent.NoTitleBar" >
141-->[com.onesignal:notifications:5.6.1] AndroidManifest.xml:71:13-72
142            <intent-filter>
142-->[com.onesignal:notifications:5.6.1] AndroidManifest.xml:72:13-74:29
143                <action android:name="android.intent.action.VIEW" />
143-->[com.onesignal:notifications:5.6.1] AndroidManifest.xml:73:17-69
143-->[com.onesignal:notifications:5.6.1] AndroidManifest.xml:73:25-66
144            </intent-filter>
145        </activity>
146
147        <receiver
147-->[com.onesignal:notifications:5.6.1] AndroidManifest.xml:77:9-79:39
148            android:name="com.onesignal.notifications.receivers.NotificationDismissReceiver"
148-->[com.onesignal:notifications:5.6.1] AndroidManifest.xml:78:13-93
149            android:exported="true" />
149-->[com.onesignal:notifications:5.6.1] AndroidManifest.xml:79:13-36
150        <receiver
150-->[com.onesignal:notifications:5.6.1] AndroidManifest.xml:80:9-87:20
151            android:name="com.onesignal.notifications.receivers.BootUpReceiver"
151-->[com.onesignal:notifications:5.6.1] AndroidManifest.xml:81:13-80
152            android:exported="true" >
152-->[com.onesignal:notifications:5.6.1] AndroidManifest.xml:82:13-36
153            <intent-filter>
153-->[com.onesignal:notifications:5.6.1] AndroidManifest.xml:83:13-86:29
154                <action android:name="android.intent.action.BOOT_COMPLETED" />
154-->[com.onesignal:notifications:5.6.1] AndroidManifest.xml:84:17-79
154-->[com.onesignal:notifications:5.6.1] AndroidManifest.xml:84:25-76
155                <action android:name="android.intent.action.QUICKBOOT_POWERON" />
155-->[com.onesignal:notifications:5.6.1] AndroidManifest.xml:85:17-82
155-->[com.onesignal:notifications:5.6.1] AndroidManifest.xml:85:25-79
156            </intent-filter>
157        </receiver>
158        <receiver
158-->[com.onesignal:notifications:5.6.1] AndroidManifest.xml:88:9-94:20
159            android:name="com.onesignal.notifications.receivers.UpgradeReceiver"
159-->[com.onesignal:notifications:5.6.1] AndroidManifest.xml:89:13-81
160            android:exported="true" >
160-->[com.onesignal:notifications:5.6.1] AndroidManifest.xml:90:13-36
161            <intent-filter>
161-->[com.onesignal:notifications:5.6.1] AndroidManifest.xml:91:13-93:29
162                <action android:name="android.intent.action.MY_PACKAGE_REPLACED" />
162-->[com.onesignal:notifications:5.6.1] AndroidManifest.xml:92:17-84
162-->[com.onesignal:notifications:5.6.1] AndroidManifest.xml:92:25-81
163            </intent-filter>
164        </receiver>
165
166        <activity
166-->[com.onesignal:notifications:5.6.1] AndroidManifest.xml:96:9-102:75
167            android:name="com.onesignal.notifications.activities.NotificationOpenedActivity"
167-->[com.onesignal:notifications:5.6.1] AndroidManifest.xml:97:13-93
168            android:excludeFromRecents="true"
168-->[com.onesignal:notifications:5.6.1] AndroidManifest.xml:98:13-46
169            android:exported="true"
169-->[com.onesignal:notifications:5.6.1] AndroidManifest.xml:99:13-36
170            android:noHistory="true"
170-->[com.onesignal:notifications:5.6.1] AndroidManifest.xml:100:13-37
171            android:taskAffinity=""
171-->[com.onesignal:notifications:5.6.1] AndroidManifest.xml:101:13-36
172            android:theme="@android:style/Theme.Translucent.NoTitleBar" />
172-->[com.onesignal:notifications:5.6.1] AndroidManifest.xml:102:13-72
173        <activity
173-->[com.onesignal:notifications:5.6.1] AndroidManifest.xml:103:9-108:75
174            android:name="com.onesignal.notifications.activities.NotificationOpenedActivityAndroid22AndOlder"
174-->[com.onesignal:notifications:5.6.1] AndroidManifest.xml:104:13-110
175            android:excludeFromRecents="true"
175-->[com.onesignal:notifications:5.6.1] AndroidManifest.xml:105:13-46
176            android:exported="true"
176-->[com.onesignal:notifications:5.6.1] AndroidManifest.xml:106:13-36
177            android:noHistory="true"
177-->[com.onesignal:notifications:5.6.1] AndroidManifest.xml:107:13-37
178            android:theme="@android:style/Theme.Translucent.NoTitleBar" />
178-->[com.onesignal:notifications:5.6.1] AndroidManifest.xml:108:13-72
179
180        <service
180-->[com.onesignal:core:5.6.1] AndroidManifest.xml:11:9-14:72
181            android:name="com.onesignal.core.services.SyncJobService"
181-->[com.onesignal:core:5.6.1] AndroidManifest.xml:12:13-70
182            android:exported="false"
182-->[com.onesignal:core:5.6.1] AndroidManifest.xml:13:13-37
183            android:permission="android.permission.BIND_JOB_SERVICE" /> <!-- Temporary shim for old OneSignal v4 jobs pointing to com.onesignal.SyncJobService -->
183-->[com.onesignal:core:5.6.1] AndroidManifest.xml:14:13-69
184        <service
184-->[com.onesignal:core:5.6.1] AndroidManifest.xml:17:9-21:19
185            android:name="com.onesignal.SyncJobService"
185-->[com.onesignal:core:5.6.1] AndroidManifest.xml:18:13-56
186            android:exported="false"
186-->[com.onesignal:core:5.6.1] AndroidManifest.xml:19:13-37
187            android:permission="android.permission.BIND_JOB_SERVICE" >
187-->[com.onesignal:core:5.6.1] AndroidManifest.xml:20:13-69
188        </service>
189
190        <activity
190-->[com.onesignal:core:5.6.1] AndroidManifest.xml:23:9-26:75
191            android:name="com.onesignal.core.activities.PermissionsActivity"
191-->[com.onesignal:core:5.6.1] AndroidManifest.xml:24:13-77
192            android:exported="false"
192-->[com.onesignal:core:5.6.1] AndroidManifest.xml:25:13-37
193            android:theme="@android:style/Theme.Translucent.NoTitleBar" />
193-->[com.onesignal:core:5.6.1] AndroidManifest.xml:26:13-72
194
195        <receiver
195-->[com.google.firebase:firebase-messaging:23.4.0] AndroidManifest.xml:29:9-40:20
196            android:name="com.google.firebase.iid.FirebaseInstanceIdReceiver"
196-->[com.google.firebase:firebase-messaging:23.4.0] AndroidManifest.xml:30:13-78
197            android:exported="true"
197-->[com.google.firebase:firebase-messaging:23.4.0] AndroidManifest.xml:31:13-36
198            android:permission="com.google.android.c2dm.permission.SEND" >
198-->[com.google.firebase:firebase-messaging:23.4.0] AndroidManifest.xml:32:13-73
199            <intent-filter>
199-->[com.google.firebase:firebase-messaging:23.4.0] AndroidManifest.xml:33:13-35:29
200                <action android:name="com.google.android.c2dm.intent.RECEIVE" />
200-->[com.onesignal:notifications:5.6.1] AndroidManifest.xml:54:17-81
200-->[com.onesignal:notifications:5.6.1] AndroidManifest.xml:54:25-78
201            </intent-filter>
202
203            <meta-data
203-->[com.google.firebase:firebase-messaging:23.4.0] AndroidManifest.xml:37:13-39:40
204                android:name="com.google.android.gms.cloudmessaging.FINISHED_AFTER_HANDLED"
204-->[com.google.firebase:firebase-messaging:23.4.0] AndroidManifest.xml:38:17-92
205                android:value="true" />
205-->[com.google.firebase:firebase-messaging:23.4.0] AndroidManifest.xml:39:17-37
206        </receiver>
207        <!--
208             FirebaseMessagingService performs security checks at runtime,
209             but set to not exported to explicitly avoid allowing another app to call it.
210        -->
211        <service
211-->[com.google.firebase:firebase-messaging:23.4.0] AndroidManifest.xml:46:9-53:19
212            android:name="com.google.firebase.messaging.FirebaseMessagingService"
212-->[com.google.firebase:firebase-messaging:23.4.0] AndroidManifest.xml:47:13-82
213            android:directBootAware="true"
213-->[com.google.firebase:firebase-messaging:23.4.0] AndroidManifest.xml:48:13-43
214            android:exported="false" >
214-->[com.google.firebase:firebase-messaging:23.4.0] AndroidManifest.xml:49:13-37
215            <intent-filter android:priority="-500" >
215-->[com.google.firebase:firebase-messaging:23.4.0] AndroidManifest.xml:50:13-52:29
215-->[com.google.firebase:firebase-messaging:23.4.0] AndroidManifest.xml:50:28-51
216                <action android:name="com.google.firebase.MESSAGING_EVENT" />
216-->[com.google.firebase:firebase-messaging:23.4.0] AndroidManifest.xml:51:17-78
216-->[com.google.firebase:firebase-messaging:23.4.0] AndroidManifest.xml:51:25-75
217            </intent-filter>
218        </service>
219        <service
219-->[com.google.firebase:firebase-messaging:23.4.0] AndroidManifest.xml:54:9-63:19
220            android:name="com.google.firebase.components.ComponentDiscoveryService"
220-->[com.google.firebase:firebase-messaging:23.4.0] AndroidManifest.xml:55:13-84
221            android:directBootAware="true"
221-->[com.google.firebase:firebase-common:20.4.2] AndroidManifest.xml:32:13-43
222            android:exported="false" >
222-->[com.google.firebase:firebase-messaging:23.4.0] AndroidManifest.xml:56:13-37
223            <meta-data
223-->[com.google.firebase:firebase-messaging:23.4.0] AndroidManifest.xml:57:13-59:85
224                android:name="com.google.firebase.components:com.google.firebase.messaging.FirebaseMessagingKtxRegistrar"
224-->[com.google.firebase:firebase-messaging:23.4.0] AndroidManifest.xml:58:17-122
225                android:value="com.google.firebase.components.ComponentRegistrar" />
225-->[com.google.firebase:firebase-messaging:23.4.0] AndroidManifest.xml:59:17-82
226            <meta-data
226-->[com.google.firebase:firebase-messaging:23.4.0] AndroidManifest.xml:60:13-62:85
227                android:name="com.google.firebase.components:com.google.firebase.messaging.FirebaseMessagingRegistrar"
227-->[com.google.firebase:firebase-messaging:23.4.0] AndroidManifest.xml:61:17-119
228                android:value="com.google.firebase.components.ComponentRegistrar" />
228-->[com.google.firebase:firebase-messaging:23.4.0] AndroidManifest.xml:62:17-82
229            <meta-data
229-->[com.google.firebase:firebase-installations:17.2.0] AndroidManifest.xml:15:13-17:85
230                android:name="com.google.firebase.components:com.google.firebase.installations.FirebaseInstallationsKtxRegistrar"
230-->[com.google.firebase:firebase-installations:17.2.0] AndroidManifest.xml:16:17-130
231                android:value="com.google.firebase.components.ComponentRegistrar" />
231-->[com.google.firebase:firebase-installations:17.2.0] AndroidManifest.xml:17:17-82
232            <meta-data
232-->[com.google.firebase:firebase-installations:17.2.0] AndroidManifest.xml:18:13-20:85
233                android:name="com.google.firebase.components:com.google.firebase.installations.FirebaseInstallationsRegistrar"
233-->[com.google.firebase:firebase-installations:17.2.0] AndroidManifest.xml:19:17-127
234                android:value="com.google.firebase.components.ComponentRegistrar" />
234-->[com.google.firebase:firebase-installations:17.2.0] AndroidManifest.xml:20:17-82
235            <meta-data
235-->[com.google.firebase:firebase-common-ktx:20.4.2] AndroidManifest.xml:12:13-14:85
236                android:name="com.google.firebase.components:com.google.firebase.ktx.FirebaseCommonLegacyRegistrar"
236-->[com.google.firebase:firebase-common-ktx:20.4.2] AndroidManifest.xml:13:17-116
237                android:value="com.google.firebase.components.ComponentRegistrar" />
237-->[com.google.firebase:firebase-common-ktx:20.4.2] AndroidManifest.xml:14:17-82
238            <meta-data
238-->[com.google.firebase:firebase-common:20.4.2] AndroidManifest.xml:35:13-37:85
239                android:name="com.google.firebase.components:com.google.firebase.FirebaseCommonKtxRegistrar"
239-->[com.google.firebase:firebase-common:20.4.2] AndroidManifest.xml:36:17-109
240                android:value="com.google.firebase.components.ComponentRegistrar" />
240-->[com.google.firebase:firebase-common:20.4.2] AndroidManifest.xml:37:17-82
241            <meta-data
241-->[com.google.firebase:firebase-datatransport:18.1.7] AndroidManifest.xml:27:13-29:85
242                android:name="com.google.firebase.components:com.google.firebase.datatransport.TransportRegistrar"
242-->[com.google.firebase:firebase-datatransport:18.1.7] AndroidManifest.xml:28:17-115
243                android:value="com.google.firebase.components.ComponentRegistrar" />
243-->[com.google.firebase:firebase-datatransport:18.1.7] AndroidManifest.xml:29:17-82
244        </service>
245
246        <activity
246-->[com.google.android.gms:play-services-base:18.0.1] AndroidManifest.xml:20:9-22:45
247            android:name="com.google.android.gms.common.api.GoogleApiActivity"
247-->[com.google.android.gms:play-services-base:18.0.1] AndroidManifest.xml:20:19-85
248            android:exported="false"
248-->[com.google.android.gms:play-services-base:18.0.1] AndroidManifest.xml:22:19-43
249            android:theme="@android:style/Theme.Translucent.NoTitleBar" />
249-->[com.google.android.gms:play-services-base:18.0.1] AndroidManifest.xml:21:19-78
250
251        <provider
251-->[com.google.firebase:firebase-common:20.4.2] AndroidManifest.xml:23:9-28:39
252            android:name="com.google.firebase.provider.FirebaseInitProvider"
252-->[com.google.firebase:firebase-common:20.4.2] AndroidManifest.xml:24:13-77
253            android:authorities="co.za.unifiedsecuritysolutions.ussguard.firebaseinitprovider"
253-->[com.google.firebase:firebase-common:20.4.2] AndroidManifest.xml:25:13-72
254            android:directBootAware="true"
254-->[com.google.firebase:firebase-common:20.4.2] AndroidManifest.xml:26:13-43
255            android:exported="false"
255-->[com.google.firebase:firebase-common:20.4.2] AndroidManifest.xml:27:13-37
256            android:initOrder="100" />
256-->[com.google.firebase:firebase-common:20.4.2] AndroidManifest.xml:28:13-36
257        <provider
257-->[androidx.emoji2:emoji2:1.2.0] AndroidManifest.xml:24:9-32:20
258            android:name="androidx.startup.InitializationProvider"
258-->[androidx.emoji2:emoji2:1.2.0] AndroidManifest.xml:25:13-67
259            android:authorities="co.za.unifiedsecuritysolutions.ussguard.androidx-startup"
259-->[androidx.emoji2:emoji2:1.2.0] AndroidManifest.xml:26:13-68
260            android:exported="false" >
260-->[androidx.emoji2:emoji2:1.2.0] AndroidManifest.xml:27:13-37
261            <meta-data
261-->[androidx.emoji2:emoji2:1.2.0] AndroidManifest.xml:29:13-31:52
262                android:name="androidx.emoji2.text.EmojiCompatInitializer"
262-->[androidx.emoji2:emoji2:1.2.0] AndroidManifest.xml:30:17-75
263                android:value="androidx.startup" />
263-->[androidx.emoji2:emoji2:1.2.0] AndroidManifest.xml:31:17-49
264            <meta-data
264-->[androidx.work:work-runtime:2.8.1] AndroidManifest.xml:34:13-36:52
265                android:name="androidx.work.WorkManagerInitializer"